{"/home/vivek/Desktop/Box/Node/todo-tdd/src/app.ts": {"path":"/home/vivek/Desktop/Box/Node/todo-tdd/src/app.ts","statementMap":{"0":{"start":{"line":1,"column":0},"end":{"line":1,"column":35}},"1":{"start":{"line":3,"column":0},"end":{"line":3,"column":36}},"2":{"start":{"line":4,"column":0},"end":{"line":4,"column":32}},"3":{"start":{"line":6,"column":32},"end":{"line":6,"column":41}},"4":{"start":{"line":60,"column":8},"end":{"line":60,"column":11}},"5":{"start":{"line":7,"column":0},"end":{"line":7,"column":24}},"6":{"start":{"line":8,"column":0},"end":{"line":8,"column":17}},"7":{"start":{"line":9,"column":0},"end":{"line":9,"column":33}},"8":{"start":{"line":11,"column":0},"end":{"line":13,"column":null}},"9":{"start":{"line":12,"column":4},"end":{"line":12,"column":33}},"10":{"start":{"line":15,"column":0},"end":{"line":32,"column":null}},"11":{"start":{"line":16,"column":4},"end":{"line":31,"column":null}},"12":{"start":{"line":17,"column":22},"end":{"line":17,"column":41}},"13":{"start":{"line":18,"column":8},"end":{"line":28,"column":null}},"14":{"start":{"line":19,"column":12},"end":{"line":19,"column":54}},"15":{"start":{"line":21,"column":12},"end":{"line":27,"column":null}},"16":{"start":{"line":22,"column":16},"end":{"line":26,"column":null}},"17":{"start":{"line":23,"column":20},"end":{"line":23,"column":56}},"18":{"start":{"line":25,"column":20},"end":{"line":25,"column":58}},"19":{"start":{"line":30,"column":8},"end":{"line":30,"column":17}},"20":{"start":{"line":35,"column":0},"end":{"line":52,"column":null}},"21":{"start":{"line":36,"column":4},"end":{"line":51,"column":null}},"22":{"start":{"line":37,"column":22},"end":{"line":37,"column":41}},"23":{"start":{"line":38,"column":8},"end":{"line":48,"column":null}},"24":{"start":{"line":39,"column":12},"end":{"line":39,"column":54}},"25":{"start":{"line":41,"column":12},"end":{"line":47,"column":null}},"26":{"start":{"line":42,"column":16},"end":{"line":46,"column":null}},"27":{"start":{"line":43,"column":20},"end":{"line":43,"column":27}},"28":{"start":{"line":45,"column":20},"end":{"line":45,"column":58}},"29":{"start":{"line":50,"column":8},"end":{"line":50,"column":17}},"30":{"start":{"line":54,"column":0},"end":{"line":54,"column":52}},"31":{"start":{"line":55,"column":0},"end":{"line":55,"column":50}},"32":{"start":{"line":57,"column":0},"end":{"line":57,"column":41}},"33":{"start":{"line":58,"column":0},"end":{"line":58,"column":48}}},"fnMap":{"0":{"name":"(anonymous_0)","decl":{"start":{"line":11,"column":13},"end":{"line":11,"column":14}},"loc":{"start":{"line":11,"column":39},"end":{"line":13,"column":1}}},"1":{"name":"(anonymous_1)","decl":{"start":{"line":15,"column":22},"end":{"line":15,"column":23}},"loc":{"start":{"line":15,"column":30},"end":{"line":32,"column":1}}},"2":{"name":"(anonymous_2)","decl":{"start":{"line":21,"column":57},"end":{"line":21,"column":58}},"loc":{"start":{"line":21,"column":79},"end":{"line":27,"column":13}}},"3":{"name":"(anonymous_3)","decl":{"start":{"line":35,"column":18},"end":{"line":35,"column":19}},"loc":{"start":{"line":35,"column":31},"end":{"line":52,"column":1}}},"4":{"name":"(anonymous_4)","decl":{"start":{"line":41,"column":57},"end":{"line":41,"column":58}},"loc":{"start":{"line":41,"column":79},"end":{"line":47,"column":13}}}},"branchMap":{"0":{"loc":{"start":{"line":18,"column":8},"end":{"line":28,"column":null}},"type":"if","locations":[{"start":{"line":18,"column":8},"end":{"line":28,"column":null}},{"start":{"line":18,"column":8},"end":{"line":28,"column":null}}]},"1":{"loc":{"start":{"line":22,"column":16},"end":{"line":26,"column":null}},"type":"if","locations":[{"start":{"line":22,"column":16},"end":{"line":26,"column":null}},{"start":{"line":22,"column":16},"end":{"line":26,"column":null}}]},"2":{"loc":{"start":{"line":38,"column":8},"end":{"line":48,"column":null}},"type":"if","locations":[{"start":{"line":38,"column":8},"end":{"line":48,"column":null}},{"start":{"line":38,"column":8},"end":{"line":48,"column":null}}]},"3":{"loc":{"start":{"line":42,"column":16},"end":{"line":46,"column":null}},"type":"if","locations":[{"start":{"line":42,"column":16},"end":{"line":46,"column":null}},{"start":{"line":42,"column":16},"end":{"line":46,"column":null}}]}},"s":{"0":1,"1":1,"2":1,"3":1,"4":1,"5":1,"6":1,"7":1,"8":1,"9":0,"10":1,"11":1,"12":1,"13":1,"14":0,"15":1,"16":1,"17":1,"18":0,"19":0,"20":1,"21":4,"22":4,"23":4,"24":0,"25":4,"26":4,"27":4,"28":0,"29":0,"30":1,"31":1,"32":1,"33":1},"f":{"0":0,"1":1,"2":1,"3":4,"4":4},"b":{"0":[0,1],"1":[1,0],"2":[0,4],"3":[4,0]}}
,"/home/vivek/Desktop/Box/Node/todo-tdd/src/config.ts": {"path":"/home/vivek/Desktop/Box/Node/todo-tdd/src/config.ts","statementMap":{"0":{"start":{"line":1,"column":0},"end":{"line":1,"column":35}},"1":{"start":{"line":3,"column":15},"end":{"line":12,"column":2}},"2":{"start":{"line":14,"column":8},"end":{"line":14,"column":14}}},"fnMap":{},"branchMap":{},"s":{"0":1,"1":1,"2":1},"f":{},"b":{}}
,"/home/vivek/Desktop/Box/Node/todo-tdd/src/api/api-todos.ts": {"path":"/home/vivek/Desktop/Box/Node/todo-tdd/src/api/api-todos.ts","statementMap":{"0":{"start":{"line":1,"column":0},"end":{"line":1,"column":48}},"1":{"start":{"line":2,"column":22},"end":{"line":2,"column":30}},"2":{"start":{"line":3,"column":0},"end":{"line":3,"column":44}},"3":{"start":{"line":4,"column":0},"end":{"line":4,"column":33}},"4":{"start":{"line":7,"column":0},"end":{"line":7,"column":70}},"5":{"start":{"line":9,"column":0},"end":{"line":9,"column":13}},"6":{"start":{"line":13,"column":4},"end":{"line":13,"column":null}},"7":{"start":{"line":14,"column":8},"end":{"line":14,"column":40}},"8":{"start":{"line":16,"column":8},"end":{"line":36,"column":11}},"9":{"start":{"line":19,"column":40},"end":{"line":36,"column":10}},"10":{"start":{"line":21,"column":16},"end":{"line":21,"column":31}},"11":{"start":{"line":22,"column":12},"end":{"line":22,"column":57}},"12":{"start":{"line":23,"column":12},"end":{"line":23,"column":40}},"13":{"start":{"line":25,"column":18},"end":{"line":29,"column":null}},"14":{"start":{"line":31,"column":34},"end":{"line":31,"column":null}},"15":{"start":{"line":31,"column":22},"end":{"line":31,"column":null}},"16":{"start":{"line":32,"column":16},"end":{"line":32,"column":null}},"17":{"start":{"line":34,"column":16},"end":{"line":34,"column":64}},"18":{"start":{"line":38,"column":8},"end":{"line":59,"column":11}},"19":{"start":{"line":41,"column":40},"end":{"line":59,"column":10}},"20":{"start":{"line":43,"column":20},"end":{"line":48,"column":18}},"21":{"start":{"line":49,"column":22},"end":{"line":53,"column":null}},"22":{"start":{"line":54,"column":34},"end":{"line":54,"column":null}},"23":{"start":{"line":54,"column":22},"end":{"line":54,"column":null}},"24":{"start":{"line":55,"column":16},"end":{"line":55,"column":31}},"25":{"start":{"line":57,"column":16},"end":{"line":57,"column":64}},"26":{"start":{"line":61,"column":8},"end":{"line":80,"column":11}},"27":{"start":{"line":64,"column":40},"end":{"line":80,"column":10}},"28":{"start":{"line":66,"column":22},"end":{"line":70,"column":null}},"29":{"start":{"line":71,"column":33},"end":{"line":71,"column":null}},"30":{"start":{"line":71,"column":22},"end":{"line":71,"column":null}},"31":{"start":{"line":72,"column":16},"end":{"line":76,"column":null}},"32":{"start":{"line":73,"column":20},"end":{"line":73,"column":35}},"33":{"start":{"line":75,"column":20},"end":{"line":75,"column":60}},"34":{"start":{"line":78,"column":16},"end":{"line":78,"column":64}},"35":{"start":{"line":82,"column":8},"end":{"line":99,"column":11}},"36":{"start":{"line":83,"column":40},"end":{"line":99,"column":10}},"37":{"start":{"line":85,"column":22},"end":{"line":89,"column":null}},"38":{"start":{"line":90,"column":33},"end":{"line":90,"column":null}},"39":{"start":{"line":90,"column":22},"end":{"line":90,"column":null}},"40":{"start":{"line":91,"column":16},"end":{"line":95,"column":null}},"41":{"start":{"line":92,"column":20},"end":{"line":92,"column":35}},"42":{"start":{"line":94,"column":20},"end":{"line":94,"column":60}},"43":{"start":{"line":97,"column":16},"end":{"line":97,"column":64}},"44":{"start":{"line":101,"column":8},"end":{"line":120,"column":11}},"45":{"start":{"line":104,"column":40},"end":{"line":120,"column":10}},"46":{"start":{"line":106,"column":22},"end":{"line":110,"column":null}},"47":{"start":{"line":111,"column":33},"end":{"line":111,"column":null}},"48":{"start":{"line":111,"column":22},"end":{"line":111,"column":null}},"49":{"start":{"line":112,"column":16},"end":{"line":116,"column":null}},"50":{"start":{"line":113,"column":20},"end":{"line":113,"column":35}},"51":{"start":{"line":115,"column":20},"end":{"line":115,"column":60}},"52":{"start":{"line":118,"column":16},"end":{"line":118,"column":64}},"53":{"start":{"line":124,"column":0},"end":{"line":124,"column":null}},"54":{"start":{"line":9,"column":13},"end":{"line":9,"column":21}}},"fnMap":{"0":{"name":"(anonymous_13)","decl":{"start":{"line":9,"column":0},"end":{"line":9,"column":13}},"loc":{"start":{"line":9,"column":0},"end":{"line":124,"column":null}}},"1":{"name":"ApiTodos","decl":{"start":{"line":13,"column":4},"end":{"line":13,"column":null}},"loc":{"start":{"line":13,"column":4},"end":{"line":123,"column":5}}},"2":{"name":"(anonymous_15)","decl":{"start":{"line":19,"column":8},"end":{"line":19,"column":15}},"loc":{"start":{"line":19,"column":40},"end":{"line":36,"column":10}}},"3":{"name":"(anonymous_16)","decl":{"start":{"line":19,"column":40},"end":{"line":19,"column":null}},"loc":{"start":{"line":19,"column":40},"end":{"line":36,"column":10}}},"4":{"name":"(anonymous_18)","decl":{"start":{"line":41,"column":8},"end":{"line":41,"column":15}},"loc":{"start":{"line":41,"column":40},"end":{"line":59,"column":10}}},"5":{"name":"(anonymous_19)","decl":{"start":{"line":41,"column":40},"end":{"line":41,"column":null}},"loc":{"start":{"line":41,"column":40},"end":{"line":59,"column":10}}},"6":{"name":"(anonymous_21)","decl":{"start":{"line":64,"column":8},"end":{"line":64,"column":15}},"loc":{"start":{"line":64,"column":40},"end":{"line":80,"column":10}}},"7":{"name":"(anonymous_22)","decl":{"start":{"line":64,"column":40},"end":{"line":64,"column":null}},"loc":{"start":{"line":64,"column":40},"end":{"line":80,"column":10}}},"8":{"name":"(anonymous_24)","decl":{"start":{"line":83,"column":8},"end":{"line":83,"column":15}},"loc":{"start":{"line":83,"column":40},"end":{"line":99,"column":10}}},"9":{"name":"(anonymous_25)","decl":{"start":{"line":83,"column":40},"end":{"line":83,"column":null}},"loc":{"start":{"line":83,"column":40},"end":{"line":99,"column":10}}},"10":{"name":"(anonymous_27)","decl":{"start":{"line":104,"column":8},"end":{"line":104,"column":15}},"loc":{"start":{"line":104,"column":40},"end":{"line":120,"column":10}}},"11":{"name":"(anonymous_28)","decl":{"start":{"line":104,"column":40},"end":{"line":104,"column":null}},"loc":{"start":{"line":104,"column":40},"end":{"line":120,"column":10}}}},"branchMap":{"0":{"loc":{"start":{"line":72,"column":16},"end":{"line":76,"column":null}},"type":"if","locations":[{"start":{"line":72,"column":16},"end":{"line":76,"column":null}},{"start":{"line":72,"column":16},"end":{"line":76,"column":null}}]},"1":{"loc":{"start":{"line":91,"column":16},"end":{"line":95,"column":null}},"type":"if","locations":[{"start":{"line":91,"column":16},"end":{"line":95,"column":null}},{"start":{"line":91,"column":16},"end":{"line":95,"column":null}}]},"2":{"loc":{"start":{"line":112,"column":16},"end":{"line":116,"column":null}},"type":"if","locations":[{"start":{"line":112,"column":16},"end":{"line":116,"column":null}},{"start":{"line":112,"column":16},"end":{"line":116,"column":null}}]}},"s":{"0":1,"1":1,"2":1,"3":1,"4":1,"5":1,"6":1,"7":1,"8":1,"9":1,"10":1,"11":1,"12":1,"13":1,"14":1,"15":1,"16":1,"17":0,"18":1,"19":1,"20":1,"21":1,"22":1,"23":1,"24":1,"25":0,"26":1,"27":0,"28":0,"29":0,"30":0,"31":0,"32":0,"33":0,"34":0,"35":1,"36":1,"37":1,"38":1,"39":1,"40":1,"41":1,"42":0,"43":0,"44":1,"45":1,"46":1,"47":1,"48":1,"49":1,"50":1,"51":0,"52":0,"53":1,"54":1},"f":{"0":1,"1":1,"2":1,"3":1,"4":1,"5":1,"6":0,"7":0,"8":1,"9":1,"10":1,"11":1},"b":{"0":[0,0],"1":[1,0],"2":[1,0]}}
,"/home/vivek/Desktop/Box/Node/todo-tdd/src/api/api-user-login.ts": {"path":"/home/vivek/Desktop/Box/Node/todo-tdd/src/api/api-user-login.ts","statementMap":{"0":{"start":{"line":1,"column":0},"end":{"line":1,"column":48}},"1":{"start":{"line":2,"column":22},"end":{"line":2,"column":30}},"2":{"start":{"line":3,"column":0},"end":{"line":3,"column":33}},"3":{"start":{"line":4,"column":0},"end":{"line":4,"column":33}},"4":{"start":{"line":5,"column":0},"end":{"line":5,"column":44}},"5":{"start":{"line":6,"column":0},"end":{"line":6,"column":36}},"6":{"start":{"line":10,"column":0},"end":{"line":10,"column":70}},"7":{"start":{"line":12,"column":0},"end":{"line":12,"column":13}},"8":{"start":{"line":14,"column":4},"end":{"line":14,"column":null}},"9":{"start":{"line":15,"column":8},"end":{"line":15,"column":40}},"10":{"start":{"line":17,"column":8},"end":{"line":60,"column":null}},"11":{"start":{"line":20,"column":40},"end":{"line":60,"column":10}},"12":{"start":{"line":21,"column":18},"end":{"line":25,"column":null}},"13":{"start":{"line":27,"column":34},"end":{"line":27,"column":null}},"14":{"start":{"line":27,"column":22},"end":{"line":27,"column":null}},"15":{"start":{"line":28,"column":16},"end":{"line":56,"column":null}},"16":{"start":{"line":29,"column":20},"end":{"line":48,"column":null}},"17":{"start":{"line":31,"column":30},"end":{"line":33,"column":69}},"18":{"start":{"line":36,"column":24},"end":{"line":40,"column":27}},"19":{"start":{"line":43,"column":24},"end":{"line":47,"column":27}},"20":{"start":{"line":51,"column":20},"end":{"line":55,"column":23}},"21":{"start":{"line":58,"column":16},"end":{"line":58,"column":64}},"22":{"start":{"line":62,"column":8},"end":{"line":82,"column":11}},"23":{"start":{"line":65,"column":40},"end":{"line":82,"column":10}},"24":{"start":{"line":67,"column":16},"end":{"line":67,"column":31}},"25":{"start":{"line":68,"column":12},"end":{"line":68,"column":89}},"26":{"start":{"line":69,"column":12},"end":{"line":69,"column":40}},"27":{"start":{"line":71,"column":18},"end":{"line":75,"column":null}},"28":{"start":{"line":77,"column":34},"end":{"line":77,"column":null}},"29":{"start":{"line":77,"column":22},"end":{"line":77,"column":null}},"30":{"start":{"line":78,"column":16},"end":{"line":78,"column":null}},"31":{"start":{"line":80,"column":16},"end":{"line":80,"column":64}},"32":{"start":{"line":85,"column":0},"end":{"line":85,"column":null}},"33":{"start":{"line":12,"column":13},"end":{"line":12,"column":27}}},"fnMap":{"0":{"name":"(anonymous_13)","decl":{"start":{"line":12,"column":0},"end":{"line":12,"column":13}},"loc":{"start":{"line":12,"column":0},"end":{"line":85,"column":null}}},"1":{"name":"ApiLoginSignup","decl":{"start":{"line":14,"column":4},"end":{"line":14,"column":null}},"loc":{"start":{"line":14,"column":4},"end":{"line":84,"column":5}}},"2":{"name":"(anonymous_15)","decl":{"start":{"line":20,"column":8},"end":{"line":20,"column":15}},"loc":{"start":{"line":20,"column":40},"end":{"line":60,"column":10}}},"3":{"name":"(anonymous_16)","decl":{"start":{"line":20,"column":40},"end":{"line":20,"column":null}},"loc":{"start":{"line":20,"column":40},"end":{"line":60,"column":10}}},"4":{"name":"(anonymous_18)","decl":{"start":{"line":65,"column":8},"end":{"line":65,"column":15}},"loc":{"start":{"line":65,"column":40},"end":{"line":82,"column":10}}},"5":{"name":"(anonymous_19)","decl":{"start":{"line":65,"column":40},"end":{"line":65,"column":null}},"loc":{"start":{"line":65,"column":40},"end":{"line":82,"column":10}}}},"branchMap":{"0":{"loc":{"start":{"line":28,"column":16},"end":{"line":56,"column":null}},"type":"if","locations":[{"start":{"line":28,"column":16},"end":{"line":56,"column":null}},{"start":{"line":28,"column":16},"end":{"line":56,"column":null}}]},"1":{"loc":{"start":{"line":29,"column":20},"end":{"line":48,"column":null}},"type":"if","locations":[{"start":{"line":29,"column":20},"end":{"line":48,"column":null}},{"start":{"line":29,"column":20},"end":{"line":48,"column":null}}]}},"s":{"0":1,"1":1,"2":1,"3":1,"4":1,"5":1,"6":1,"7":1,"8":1,"9":1,"10":1,"11":2,"12":2,"13":2,"14":2,"15":2,"16":2,"17":2,"18":2,"19":0,"20":0,"21":0,"22":1,"23":0,"24":0,"25":0,"26":0,"27":0,"28":0,"29":0,"30":0,"31":0,"32":1,"33":1},"f":{"0":1,"1":1,"2":2,"3":2,"4":0,"5":0},"b":{"0":[2,0],"1":[2,0]}}
,"/home/vivek/Desktop/Box/Node/todo-tdd/src/middleware/index.ts": {"path":"/home/vivek/Desktop/Box/Node/todo-tdd/src/middleware/index.ts","statementMap":{"0":{"start":{"line":1,"column":0},"end":{"line":1,"column":8}},"1":{"start":{"line":6,"column":4},"end":{"line":1,"column":67}},"2":{"start":{"line":2,"column":0},"end":{"line":2,"column":8}},"3":{"start":{"line":7,"column":4},"end":{"line":2,"column":52}},"4":{"start":{"line":3,"column":0},"end":{"line":3,"column":8}},"5":{"start":{"line":8,"column":4},"end":{"line":3,"column":51}}},"fnMap":{},"branchMap":{},"s":{"0":1,"1":1,"2":1,"3":1,"4":1,"5":1},"f":{},"b":{}}
,"/home/vivek/Desktop/Box/Node/todo-tdd/src/middleware/validation-error-handler.ts": {"path":"/home/vivek/Desktop/Box/Node/todo-tdd/src/middleware/validation-error-handler.ts","statementMap":{"0":{"start":{"line":1,"column":0},"end":{"line":1,"column":51}},"1":{"start":{"line":4,"column":0},"end":{"line":4,"column":13}},"2":{"start":{"line":6,"column":11},"end":{"line":13,"column":null}},"3":{"start":{"line":7,"column":23},"end":{"line":7,"column":44}},"4":{"start":{"line":8,"column":8},"end":{"line":12,"column":null}},"5":{"start":{"line":9,"column":13},"end":{"line":9,"column":61}},"6":{"start":{"line":11,"column":10},"end":{"line":11,"column":17}},"7":{"start":{"line":14,"column":0},"end":{"line":14,"column":null}},"8":{"start":{"line":4,"column":13},"end":{"line":4,"column":36}}},"fnMap":{"0":{"name":"(anonymous_0)","decl":{"start":{"line":4,"column":0},"end":{"line":4,"column":13}},"loc":{"start":{"line":4,"column":0},"end":{"line":14,"column":null}}},"1":{"name":"(anonymous_2)","decl":{"start":{"line":6,"column":4},"end":{"line":6,"column":11}},"loc":{"start":{"line":6,"column":68},"end":{"line":13,"column":5}}}},"branchMap":{"0":{"loc":{"start":{"line":8,"column":8},"end":{"line":12,"column":null}},"type":"if","locations":[{"start":{"line":8,"column":8},"end":{"line":12,"column":null}},{"start":{"line":8,"column":8},"end":{"line":12,"column":null}}]}},"s":{"0":1,"1":1,"2":1,"3":5,"4":5,"5":0,"6":5,"7":1,"8":1},"f":{"0":1,"1":5},"b":{"0":[0,5]}}
,"/home/vivek/Desktop/Box/Node/todo-tdd/src/middleware/validation-todos.ts": {"path":"/home/vivek/Desktop/Box/Node/todo-tdd/src/middleware/validation-todos.ts","statementMap":{"0":{"start":{"line":1,"column":0},"end":{"line":1,"column":40}},"1":{"start":{"line":3,"column":0},"end":{"line":3,"column":13}},"2":{"start":{"line":5,"column":11},"end":{"line":14,"column":null}},"3":{"start":{"line":6,"column":8},"end":{"line":13,"column":null}},"4":{"start":{"line":16,"column":11},"end":{"line":23,"column":null}},"5":{"start":{"line":17,"column":8},"end":{"line":22,"column":null}},"6":{"start":{"line":25,"column":11},"end":{"line":30,"column":null}},"7":{"start":{"line":26,"column":8},"end":{"line":29,"column":null}},"8":{"start":{"line":31,"column":0},"end":{"line":31,"column":null}},"9":{"start":{"line":3,"column":13},"end":{"line":3,"column":28}}},"fnMap":{"0":{"name":"(anonymous_0)","decl":{"start":{"line":3,"column":0},"end":{"line":3,"column":13}},"loc":{"start":{"line":3,"column":0},"end":{"line":31,"column":null}}},"1":{"name":"(anonymous_2)","decl":{"start":{"line":5,"column":4},"end":{"line":5,"column":11}},"loc":{"start":{"line":5,"column":4},"end":{"line":14,"column":5}}},"2":{"name":"(anonymous_3)","decl":{"start":{"line":16,"column":4},"end":{"line":16,"column":11}},"loc":{"start":{"line":16,"column":4},"end":{"line":23,"column":5}}},"3":{"name":"(anonymous_4)","decl":{"start":{"line":25,"column":4},"end":{"line":25,"column":11}},"loc":{"start":{"line":25,"column":4},"end":{"line":30,"column":5}}}},"branchMap":{},"s":{"0":1,"1":1,"2":1,"3":1,"4":1,"5":1,"6":1,"7":2,"8":1,"9":1},"f":{"0":1,"1":1,"2":1,"3":2},"b":{}}
,"/home/vivek/Desktop/Box/Node/todo-tdd/src/middleware/validations-login.ts": {"path":"/home/vivek/Desktop/Box/Node/todo-tdd/src/middleware/validations-login.ts","statementMap":{"0":{"start":{"line":1,"column":0},"end":{"line":1,"column":40}},"1":{"start":{"line":2,"column":0},"end":{"line":2,"column":38}},"2":{"start":{"line":4,"column":0},"end":{"line":4,"column":13}},"3":{"start":{"line":6,"column":11},"end":{"line":26,"column":null}},"4":{"start":{"line":8,"column":8},"end":{"line":25,"column":null}},"5":{"start":{"line":19,"column":20},"end":{"line":23,"column":23}},"6":{"start":{"line":20,"column":24},"end":{"line":22,"column":null}},"7":{"start":{"line":21,"column":28},"end":{"line":21,"column":75}},"8":{"start":{"line":28,"column":11},"end":{"line":35,"column":null}},"9":{"start":{"line":29,"column":8},"end":{"line":34,"column":null}},"10":{"start":{"line":36,"column":0},"end":{"line":36,"column":null}},"11":{"start":{"line":4,"column":13},"end":{"line":4,"column":28}}},"fnMap":{"0":{"name":"(anonymous_0)","decl":{"start":{"line":4,"column":0},"end":{"line":4,"column":13}},"loc":{"start":{"line":4,"column":0},"end":{"line":36,"column":null}}},"1":{"name":"(anonymous_2)","decl":{"start":{"line":6,"column":4},"end":{"line":6,"column":11}},"loc":{"start":{"line":6,"column":4},"end":{"line":26,"column":5}}},"2":{"name":"(anonymous_3)","decl":{"start":{"line":18,"column":38},"end":{"line":18,"column":43}},"loc":{"start":{"line":18,"column":43},"end":{"line":24,"column":17}}},"3":{"name":"(anonymous_4)","decl":{"start":{"line":19,"column":63},"end":{"line":19,"column":67}},"loc":{"start":{"line":19,"column":67},"end":{"line":23,"column":21}}},"4":{"name":"(anonymous_5)","decl":{"start":{"line":28,"column":4},"end":{"line":28,"column":11}},"loc":{"start":{"line":28,"column":4},"end":{"line":35,"column":5}}}},"branchMap":{"0":{"loc":{"start":{"line":20,"column":24},"end":{"line":22,"column":null}},"type":"if","locations":[{"start":{"line":20,"column":24},"end":{"line":22,"column":null}},{"start":{"line":20,"column":24},"end":{"line":22,"column":null}}]}},"s":{"0":1,"1":1,"2":1,"3":1,"4":1,"5":0,"6":0,"7":0,"8":1,"9":1,"10":1,"11":1},"f":{"0":1,"1":1,"2":0,"3":0,"4":1},"b":{"0":[0,0]}}
,"/home/vivek/Desktop/Box/Node/todo-tdd/src/models/database.ts": {"path":"/home/vivek/Desktop/Box/Node/todo-tdd/src/models/database.ts","statementMap":{"0":{"start":{"line":1,"column":0},"end":{"line":1,"column":36}},"1":{"start":{"line":3,"column":0},"end":{"line":3,"column":13}},"2":{"start":{"line":9,"column":20},"end":{"line":9,"column":47}},"3":{"start":{"line":10,"column":8},"end":{"line":10,"column":null}},"4":{"start":{"line":11,"column":8},"end":{"line":11,"column":null}},"5":{"start":{"line":14,"column":10},"end":{"line":24,"column":null}},"6":{"start":{"line":16,"column":25},"end":{"line":16,"column":null}},"7":{"start":{"line":16,"column":18},"end":{"line":16,"column":null}},"8":{"start":{"line":17,"column":18},"end":{"line":17,"column":40}},"9":{"start":{"line":18,"column":18},"end":{"line":18,"column":69}},"10":{"start":{"line":19,"column":25},"end":{"line":19,"column":null}},"11":{"start":{"line":19,"column":18},"end":{"line":19,"column":null}},"12":{"start":{"line":20,"column":12},"end":{"line":20,"column":24}},"13":{"start":{"line":22,"column":12},"end":{"line":22,"column":20}},"14":{"start":{"line":26,"column":10},"end":{"line":38,"column":null}},"15":{"start":{"line":28,"column":25},"end":{"line":28,"column":null}},"16":{"start":{"line":28,"column":18},"end":{"line":28,"column":null}},"17":{"start":{"line":29,"column":18},"end":{"line":29,"column":40}},"18":{"start":{"line":30,"column":18},"end":{"line":30,"column":68}},"19":{"start":{"line":31,"column":25},"end":{"line":33,"column":null}},"20":{"start":{"line":31,"column":18},"end":{"line":33,"column":null}},"21":{"start":{"line":34,"column":12},"end":{"line":34,"column":24}},"22":{"start":{"line":36,"column":12},"end":{"line":36,"column":21}},"23":{"start":{"line":40,"column":10},"end":{"line":51,"column":null}},"24":{"start":{"line":42,"column":25},"end":{"line":42,"column":null}},"25":{"start":{"line":42,"column":18},"end":{"line":42,"column":null}},"26":{"start":{"line":43,"column":18},"end":{"line":43,"column":40}},"27":{"start":{"line":44,"column":18},"end":{"line":44,"column":68}},"28":{"start":{"line":45,"column":25},"end":{"line":46,"column":null}},"29":{"start":{"line":45,"column":18},"end":{"line":46,"column":null}},"30":{"start":{"line":47,"column":12},"end":{"line":47,"column":24}},"31":{"start":{"line":49,"column":12},"end":{"line":49,"column":20}},"32":{"start":{"line":53,"column":10},"end":{"line":63,"column":null}},"33":{"start":{"line":55,"column":25},"end":{"line":55,"column":null}},"34":{"start":{"line":55,"column":18},"end":{"line":55,"column":null}},"35":{"start":{"line":56,"column":18},"end":{"line":56,"column":40}},"36":{"start":{"line":57,"column":18},"end":{"line":57,"column":70}},"37":{"start":{"line":58,"column":25},"end":{"line":58,"column":null}},"38":{"start":{"line":58,"column":18},"end":{"line":58,"column":null}},"39":{"start":{"line":59,"column":12},"end":{"line":59,"column":24}},"40":{"start":{"line":61,"column":12},"end":{"line":61,"column":21}},"41":{"start":{"line":65,"column":10},"end":{"line":75,"column":null}},"42":{"start":{"line":67,"column":25},"end":{"line":67,"column":null}},"43":{"start":{"line":67,"column":18},"end":{"line":67,"column":null}},"44":{"start":{"line":68,"column":18},"end":{"line":68,"column":40}},"45":{"start":{"line":69,"column":18},"end":{"line":69,"column":70}},"46":{"start":{"line":70,"column":25},"end":{"line":70,"column":null}},"47":{"start":{"line":70,"column":18},"end":{"line":70,"column":null}},"48":{"start":{"line":71,"column":12},"end":{"line":71,"column":24}},"49":{"start":{"line":73,"column":12},"end":{"line":73,"column":21}},"50":{"start":{"line":77,"column":0},"end":{"line":77,"column":null}},"51":{"start":{"line":3,"column":13},"end":{"line":3,"column":21}}},"fnMap":{"0":{"name":"(anonymous_13)","decl":{"start":{"line":3,"column":0},"end":{"line":3,"column":13}},"loc":{"start":{"line":3,"column":0},"end":{"line":77,"column":null}}},"1":{"name":"Database","decl":{"start":{"line":8,"column":4},"end":{"line":8,"column":null}},"loc":{"start":{"line":8,"column":4},"end":{"line":12,"column":5}}},"2":{"name":"(anonymous_15)","decl":{"start":{"line":14,"column":4},"end":{"line":14,"column":10}},"loc":{"start":{"line":14,"column":31},"end":{"line":24,"column":null}}},"3":{"name":"(anonymous_18)","decl":{"start":{"line":26,"column":4},"end":{"line":26,"column":10}},"loc":{"start":{"line":26,"column":29},"end":{"line":38,"column":null}}},"4":{"name":"(anonymous_21)","decl":{"start":{"line":40,"column":4},"end":{"line":40,"column":10}},"loc":{"start":{"line":40,"column":32},"end":{"line":51,"column":null}}},"5":{"name":"(anonymous_24)","decl":{"start":{"line":53,"column":4},"end":{"line":53,"column":10}},"loc":{"start":{"line":53,"column":33},"end":{"line":63,"column":null}}},"6":{"name":"(anonymous_27)","decl":{"start":{"line":65,"column":4},"end":{"line":65,"column":10}},"loc":{"start":{"line":65,"column":33},"end":{"line":75,"column":null}}}},"branchMap":{},"s":{"0":1,"1":1,"2":6,"3":6,"4":6,"5":1,"6":1,"7":1,"8":1,"9":1,"10":1,"11":1,"12":1,"13":0,"14":1,"15":1,"16":1,"17":1,"18":1,"19":1,"20":1,"21":1,"22":0,"23":1,"24":2,"25":2,"26":2,"27":2,"28":2,"29":2,"30":2,"31":0,"32":1,"33":1,"34":1,"35":1,"36":1,"37":1,"38":1,"39":1,"40":0,"41":1,"42":1,"43":1,"44":1,"45":1,"46":1,"47":1,"48":1,"49":0,"50":1,"51":1},"f":{"0":1,"1":6,"2":1,"3":1,"4":2,"5":1,"6":1},"b":{}}
,"/home/vivek/Desktop/Box/Node/todo-tdd/src/models/users.ts": {"path":"/home/vivek/Desktop/Box/Node/todo-tdd/src/models/users.ts","statementMap":{"0":{"start":{"line":1,"column":0},"end":{"line":1,"column":36}},"1":{"start":{"line":3,"column":0},"end":{"line":3,"column":13}},"2":{"start":{"line":5,"column":10},"end":{"line":20,"column":null}},"3":{"start":{"line":7,"column":18},"end":{"line":10,"column":null}},"4":{"start":{"line":11,"column":25},"end":{"line":11,"column":null}},"5":{"start":{"line":11,"column":18},"end":{"line":11,"column":null}},"6":{"start":{"line":12,"column":12},"end":{"line":16,"column":null}},"7":{"start":{"line":13,"column":16},"end":{"line":13,"column":28}},"8":{"start":{"line":15,"column":16},"end":{"line":15,"column":29}},"9":{"start":{"line":18,"column":12},"end":{"line":18,"column":21}},"10":{"start":{"line":21,"column":0},"end":{"line":21,"column":null}},"11":{"start":{"line":3,"column":13},"end":{"line":3,"column":18}}},"fnMap":{"0":{"name":"(anonymous_13)","decl":{"start":{"line":3,"column":0},"end":{"line":3,"column":13}},"loc":{"start":{"line":3,"column":0},"end":{"line":21,"column":null}}},"1":{"name":"(anonymous_15)","decl":{"start":{"line":5,"column":4},"end":{"line":5,"column":10}},"loc":{"start":{"line":5,"column":31},"end":{"line":20,"column":null}}}},"branchMap":{"0":{"loc":{"start":{"line":12,"column":12},"end":{"line":16,"column":null}},"type":"if","locations":[{"start":{"line":12,"column":12},"end":{"line":16,"column":null}},{"start":{"line":12,"column":12},"end":{"line":16,"column":null}}]}},"s":{"0":1,"1":1,"2":1,"3":0,"4":0,"5":0,"6":0,"7":0,"8":0,"9":0,"10":1,"11":1},"f":{"0":1,"1":0},"b":{"0":[0,0]}}
}
