TN:
SF:/home/vivek/Desktop/Box/Node/todo-tdd/src/app.ts
FN:11,(anonymous_0)
FN:15,(anonymous_1)
FN:21,(anonymous_2)
FN:35,(anonymous_3)
FN:41,(anonymous_4)
FNF:5
FNH:4
FNDA:0,(anonymous_0)
FNDA:1,(anonymous_1)
FNDA:1,(anonymous_2)
FNDA:4,(anonymous_3)
FNDA:4,(anonymous_4)
DA:1,1
DA:3,1
DA:4,1
DA:6,1
DA:7,1
DA:8,1
DA:9,1
DA:11,1
DA:12,0
DA:15,1
DA:16,1
DA:17,1
DA:18,1
DA:19,0
DA:21,1
DA:22,1
DA:23,1
DA:25,0
DA:30,0
DA:35,1
DA:36,4
DA:37,4
DA:38,4
DA:39,0
DA:41,4
DA:42,4
DA:43,4
DA:45,0
DA:50,0
DA:54,1
DA:55,1
DA:57,1
DA:58,1
DA:60,1
LF:34
LH:27
BRDA:18,0,0,0
BRDA:18,0,1,1
BRDA:22,1,0,1
BRDA:22,1,1,0
BRDA:38,2,0,0
BRDA:38,2,1,4
BRDA:42,3,0,4
BRDA:42,3,1,0
BRF:8
BRH:4
end_of_record
TN:
SF:/home/vivek/Desktop/Box/Node/todo-tdd/src/config.ts
FNF:0
FNH:0
DA:1,1
DA:3,1
DA:14,1
LF:3
LH:3
BRF:0
BRH:0
end_of_record
TN:
SF:/home/vivek/Desktop/Box/Node/todo-tdd/src/api/api-todos.ts
FN:9,(anonymous_13)
FN:13,ApiTodos
FN:19,(anonymous_15)
FN:19,(anonymous_16)
FN:41,(anonymous_18)
FN:41,(anonymous_19)
FN:64,(anonymous_21)
FN:64,(anonymous_22)
FN:83,(anonymous_24)
FN:83,(anonymous_25)
FN:104,(anonymous_27)
FN:104,(anonymous_28)
FNF:12
FNH:10
FNDA:1,(anonymous_13)
FNDA:1,ApiTodos
FNDA:1,(anonymous_15)
FNDA:1,(anonymous_16)
FNDA:1,(anonymous_18)
FNDA:1,(anonymous_19)
FNDA:0,(anonymous_21)
FNDA:0,(anonymous_22)
FNDA:1,(anonymous_24)
FNDA:1,(anonymous_25)
FNDA:1,(anonymous_27)
FNDA:1,(anonymous_28)
DA:1,1
DA:2,1
DA:3,1
DA:4,1
DA:7,1
DA:9,1
DA:13,1
DA:14,1
DA:16,1
DA:19,1
DA:21,1
DA:22,1
DA:23,1
DA:25,1
DA:31,1
DA:32,1
DA:34,0
DA:38,1
DA:41,1
DA:43,1
DA:49,1
DA:54,1
DA:55,1
DA:57,0
DA:61,1
DA:64,0
DA:66,0
DA:71,0
DA:72,0
DA:73,0
DA:75,0
DA:78,0
DA:82,1
DA:83,1
DA:85,1
DA:90,1
DA:91,1
DA:92,1
DA:94,0
DA:97,0
DA:101,1
DA:104,1
DA:106,1
DA:111,1
DA:112,1
DA:113,1
DA:115,0
DA:118,0
DA:124,1
LF:49
LH:36
BRDA:72,0,0,0
BRDA:72,0,1,0
BRDA:91,1,0,1
BRDA:91,1,1,0
BRDA:112,2,0,1
BRDA:112,2,1,0
BRF:6
BRH:2
end_of_record
TN:
SF:/home/vivek/Desktop/Box/Node/todo-tdd/src/api/api-user-login.ts
FN:12,(anonymous_13)
FN:14,ApiLoginSignup
FN:20,(anonymous_15)
FN:20,(anonymous_16)
FN:65,(anonymous_18)
FN:65,(anonymous_19)
FNF:6
FNH:4
FNDA:1,(anonymous_13)
FNDA:1,ApiLoginSignup
FNDA:2,(anonymous_15)
FNDA:2,(anonymous_16)
FNDA:0,(anonymous_18)
FNDA:0,(anonymous_19)
DA:1,1
DA:2,1
DA:3,1
DA:4,1
DA:5,1
DA:6,1
DA:10,1
DA:12,1
DA:14,1
DA:15,1
DA:17,1
DA:20,2
DA:21,2
DA:27,2
DA:28,2
DA:29,2
DA:31,2
DA:36,2
DA:43,0
DA:51,0
DA:58,0
DA:62,1
DA:65,0
DA:67,0
DA:68,0
DA:69,0
DA:71,0
DA:77,0
DA:78,0
DA:80,0
DA:85,1
LF:31
LH:20
BRDA:28,0,0,2
BRDA:28,0,1,0
BRDA:29,1,0,2
BRDA:29,1,1,0
BRF:4
BRH:2
end_of_record
TN:
SF:/home/vivek/Desktop/Box/Node/todo-tdd/src/middleware/index.ts
FNF:0
FNH:0
DA:1,1
DA:2,1
DA:3,1
DA:6,1
DA:7,1
DA:8,1
LF:6
LH:6
BRF:0
BRH:0
end_of_record
TN:
SF:/home/vivek/Desktop/Box/Node/todo-tdd/src/middleware/validation-error-handler.ts
FN:4,(anonymous_0)
FN:6,(anonymous_2)
FNF:2
FNH:2
FNDA:1,(anonymous_0)
FNDA:5,(anonymous_2)
DA:1,1
DA:4,1
DA:6,1
DA:7,5
DA:8,5
DA:9,0
DA:11,5
DA:14,1
LF:8
LH:7
BRDA:8,0,0,0
BRDA:8,0,1,5
BRF:2
BRH:1
end_of_record
TN:
SF:/home/vivek/Desktop/Box/Node/todo-tdd/src/middleware/validation-todos.ts
FN:3,(anonymous_0)
FN:5,(anonymous_2)
FN:16,(anonymous_3)
FN:25,(anonymous_4)
FNF:4
FNH:4
FNDA:1,(anonymous_0)
FNDA:1,(anonymous_2)
FNDA:1,(anonymous_3)
FNDA:2,(anonymous_4)
DA:1,1
DA:3,1
DA:5,1
DA:6,1
DA:16,1
DA:17,1
DA:25,1
DA:26,2
DA:31,1
LF:9
LH:9
BRF:0
BRH:0
end_of_record
TN:
SF:/home/vivek/Desktop/Box/Node/todo-tdd/src/middleware/validations-login.ts
FN:4,(anonymous_0)
FN:6,(anonymous_2)
FN:18,(anonymous_3)
FN:19,(anonymous_4)
FN:28,(anonymous_5)
FNF:5
FNH:3
FNDA:1,(anonymous_0)
FNDA:1,(anonymous_2)
FNDA:0,(anonymous_3)
FNDA:0,(anonymous_4)
FNDA:1,(anonymous_5)
DA:1,1
DA:2,1
DA:4,1
DA:6,1
DA:8,1
DA:19,0
DA:20,0
DA:21,0
DA:28,1
DA:29,1
DA:36,1
LF:11
LH:8
BRDA:20,0,0,0
BRDA:20,0,1,0
BRF:2
BRH:0
end_of_record
TN:
SF:/home/vivek/Desktop/Box/Node/todo-tdd/src/models/database.ts
FN:3,(anonymous_13)
FN:8,Database
FN:14,(anonymous_15)
FN:26,(anonymous_18)
FN:40,(anonymous_21)
FN:53,(anonymous_24)
FN:65,(anonymous_27)
FNF:7
FNH:7
FNDA:1,(anonymous_13)
FNDA:6,Database
FNDA:1,(anonymous_15)
FNDA:1,(anonymous_18)
FNDA:2,(anonymous_21)
FNDA:1,(anonymous_24)
FNDA:1,(anonymous_27)
DA:1,1
DA:3,1
DA:9,6
DA:10,6
DA:11,6
DA:14,1
DA:16,1
DA:17,1
DA:18,1
DA:19,1
DA:20,1
DA:22,0
DA:26,1
DA:28,1
DA:29,1
DA:30,1
DA:31,1
DA:34,1
DA:36,0
DA:40,1
DA:42,2
DA:43,2
DA:44,2
DA:45,2
DA:47,2
DA:49,0
DA:53,1
DA:55,1
DA:56,1
DA:57,1
DA:58,1
DA:59,1
DA:61,0
DA:65,1
DA:67,1
DA:68,1
DA:69,1
DA:70,1
DA:71,1
DA:73,0
DA:77,1
LF:41
LH:36
BRF:0
BRH:0
end_of_record
TN:
SF:/home/vivek/Desktop/Box/Node/todo-tdd/src/models/users.ts
FN:3,(anonymous_13)
FN:5,(anonymous_15)
FNF:2
FNH:1
FNDA:1,(anonymous_13)
FNDA:0,(anonymous_15)
DA:1,1
DA:3,1
DA:5,1
DA:7,0
DA:11,0
DA:12,0
DA:13,0
DA:15,0
DA:18,0
DA:21,1
LF:10
LH:4
BRDA:12,0,0,0
BRDA:12,0,1,0
BRF:2
BRH:0
end_of_record
